[0    s]	fork Thread-1 to fill song queue ...
[0    s]	fork Thread-2 to write lrc ...
[0    s]	fork Thread-3 to monitor progress ...
[0    s]	fork Thread-4 to datamine lrc ...
[0    s]	fork Thread-5 to datamine lrc ...
[0    s]	fork Thread-6 to datamine lrc ...
[0    s]	fork Thread-7 to datamine lrc ...
[0    s]	fork Thread-8 to datamine lrc ...
[0    s]	fork Thread-9 to datamine lrc ...
[0    s]	fork Thread-10 to datamine lrc ...
[0    s]	fork Thread-11 to datamine lrc ...
[0    s]	fork Thread-12 to download page ...
[0    s]	fork Thread-13 to download page ...
[0    s]	fork Thread-14 to download page ...
[0    s]	fork Thread-15 to download page ...
[0    s]	fork Thread-16 to download page ...
[0    s]	fork Thread-17 to download page ...
[0    s]	fork Thread-18 to download page ...
[0    s]	fork Thread-19 to download page ...
[0    s]	fork Thread-20 to download page ...
[0    s]	fork Thread-21 to download page ...
[0    s]	fork Thread-22 to download page ...
[0    s]	fork Thread-23 to download page ...
[0    s]	fork Thread-24 to download page ...
[0    s]	fork Thread-25 to download page ...
[0    s]	fork Thread-26 to download page ...
[0    s]	fork Thread-27 to download page ...
[2    s]	song queue size:34         html queue size:0          lrc queue size:0          song num:50         total lrc num:0          lrc num:0
[4    s]	song queue size:34         html queue size:0          lrc queue size:0          song num:50         total lrc num:0          lrc num:0
[6    s]	song queue size:33         html queue size:0          lrc queue size:0          song num:50         total lrc num:1          lrc num:1
[8    s]	song queue size:30         html queue size:0          lrc queue size:0          song num:50         total lrc num:4          lrc num:4
[10   s]	song queue size:27         html queue size:0          lrc queue size:0          song num:50         total lrc num:7          lrc num:7
[12   s]	song queue size:24         html queue size:0          lrc queue size:0          song num:50         total lrc num:10         lrc num:10
[14   s]	song queue size:20         html queue size:0          lrc queue size:0          song num:50         total lrc num:13         lrc num:13
[16   s]	song queue size:16         html queue size:0          lrc queue size:0          song num:50         total lrc num:18         lrc num:18
[18   s]	song queue size:15         html queue size:0          lrc queue size:0          song num:50         total lrc num:19         lrc num:19
[20   s]	song queue size:11         html queue size:0          lrc queue size:0          song num:50         total lrc num:23         lrc num:23
[22   s]	song queue size:6          html queue size:0          lrc queue size:0          song num:50         total lrc num:28         lrc num:28
[24   s]	song queue size:3          html queue size:0          lrc queue size:0          song num:50         total lrc num:31         lrc num:31
[26   s]	song queue size:0          html queue size:0          lrc queue size:0          song num:50         total lrc num:33         lrc num:33
[28   s]	song queue size:0          html queue size:0          lrc queue size:0          song num:50         total lrc num:34         lrc num:34
[30   s]	song queue size:0          html queue size:0          lrc queue size:0          song num:50         total lrc num:35         lrc num:35
[32   s]	song queue size:0          html queue size:0          lrc queue size:0          song num:50         total lrc num:40         lrc num:40
[34   s]	song queue size:0          html queue size:0          lrc queue size:0          song num:50         total lrc num:50         lrc num:50
done
