[0    s]	fork Thread-1 to fill song queue ...
[0    s]	fork Thread-2 to write lrc ...
[0    s]	fork Thread-3 to monitor progress ...
[0    s]	fork Thread-4 to datamine lrc ...
[0    s]	fork Thread-5 to datamine lrc ...
[0    s]	fork Thread-6 to datamine lrc ...
[0    s]	fork Thread-7 to datamine lrc ...
[0    s]	fork Thread-8 to datamine lrc ...
[0    s]	fork Thread-9 to datamine lrc ...
[0    s]	fork Thread-10 to datamine lrc ...
[0    s]	fork Thread-11 to datamine lrc ...
[0    s]	fork Thread-12 to download page ...
[0    s]	fork Thread-13 to download page ...
[0    s]	fork Thread-14 to download page ...
[0    s]	fork Thread-15 to download page ...
[0    s]	fork Thread-16 to download page ...
[0    s]	fork Thread-17 to download page ...
[0    s]	fork Thread-18 to download page ...
[0    s]	fork Thread-19 to download page ...
[2    s]	song queue size:42         html queue size:0          lrc queue size:0          song num:50         total lrc num:0          lrc num:0
[4    s]	song queue size:42         html queue size:0          lrc queue size:0          song num:50         total lrc num:0          lrc num:0
[6    s]	song queue size:42         html queue size:0          lrc queue size:0          song num:50         total lrc num:0          lrc num:0
[8    s]	song queue size:40         html queue size:0          lrc queue size:0          song num:50         total lrc num:2          lrc num:2
[10   s]	song queue size:36         html queue size:0          lrc queue size:0          song num:50         total lrc num:6          lrc num:6
[12   s]	song queue size:28         html queue size:0          lrc queue size:0          song num:50         total lrc num:13         lrc num:13
[14   s]	song queue size:25         html queue size:0          lrc queue size:0          song num:50         total lrc num:16         lrc num:16
[16   s]	song queue size:18         html queue size:0          lrc queue size:0          song num:50         total lrc num:24         lrc num:24
[18   s]	song queue size:18         html queue size:0          lrc queue size:0          song num:50         total lrc num:24         lrc num:24
[20   s]	song queue size:14         html queue size:0          lrc queue size:0          song num:50         total lrc num:28         lrc num:28
[22   s]	song queue size:10         html queue size:0          lrc queue size:0          song num:50         total lrc num:32         lrc num:32
[24   s]	song queue size:10         html queue size:0          lrc queue size:0          song num:50         total lrc num:32         lrc num:32
[26   s]	song queue size:6          html queue size:0          lrc queue size:0          song num:50         total lrc num:36         lrc num:36
[28   s]	song queue size:6          html queue size:0          lrc queue size:0          song num:50         total lrc num:36         lrc num:36
[30   s]	song queue size:2          html queue size:0          lrc queue size:0          song num:50         total lrc num:40         lrc num:40
[32   s]	song queue size:2          html queue size:0          lrc queue size:0          song num:50         total lrc num:40         lrc num:40
[34   s]	song queue size:0          html queue size:0          lrc queue size:0          song num:50         total lrc num:48         lrc num:48
[34   s]	song queue size:0          html queue size:0          lrc queue size:0          song num:50         total lrc num:50         lrc num:50
done
